TN:
SF:config.env.ts
FNF:0
FNH:0
DA:1,2
DA:3,2
LF:2
LH:2
BRDA:4,0,0,2
BRDA:4,0,1,0
BRDA:4,1,0,2
BRDA:4,1,1,2
BRDA:5,2,0,2
BRDA:5,2,1,0
BRDA:5,3,0,2
BRDA:5,3,1,2
BRDA:6,4,0,2
BRDA:6,4,1,0
BRDA:6,5,0,2
BRDA:6,5,1,2
BRDA:7,6,0,2
BRDA:7,6,1,0
BRDA:7,7,0,2
BRDA:7,7,1,2
BRDA:8,8,0,2
BRDA:8,8,1,0
BRDA:8,9,0,2
BRDA:8,9,1,2
BRDA:9,10,0,2
BRDA:9,10,1,0
BRDA:9,11,0,2
BRDA:9,11,1,2
BRF:24
BRH:18
end_of_record
TN:
SF:src/app.ts
FN:25,(anonymous_1)
FNF:1
FNH:1
FNDA:2,(anonymous_1)
DA:1,2
DA:2,2
DA:3,2
DA:4,2
DA:5,2
DA:6,2
DA:7,2
DA:9,2
DA:12,2
DA:13,2
DA:16,2
DA:17,2
DA:18,2
DA:19,2
DA:21,2
DA:25,2
DA:26,2
DA:27,2
DA:30,2
LF:19
LH:19
BRF:0
BRH:0
end_of_record
TN:
SF:src/Schema/projectSchema.ts
FNF:0
FNH:0
DA:1,2
DA:3,2
LF:2
LH:2
BRF:0
BRH:0
end_of_record
TN:
SF:src/Schema/userSchema.ts
FN:18,(anonymous_0)
FNF:1
FNH:0
FNDA:0,(anonymous_0)
DA:1,2
DA:3,2
DA:13,2
DA:18,0
LF:4
LH:3
BRF:0
BRH:0
end_of_record
TN:
SF:src/config/mongo.ts
FN:7,(anonymous_1)
FNF:1
FNH:1
FNDA:2,(anonymous_1)
DA:1,2
DA:2,2
DA:4,2
DA:5,2
DA:7,2
DA:8,2
DA:9,2
DA:12,2
DA:13,2
DA:15,0
LF:10
LH:9
BRDA:4,0,0,2
BRDA:4,0,1,0
BRF:2
BRH:1
end_of_record
TN:
SF:src/config/redis.ts
FN:3,(anonymous_0)
FN:8,(anonymous_1)
FNF:2
FNH:1
FNDA:2,(anonymous_0)
FNDA:0,(anonymous_1)
DA:1,2
DA:3,2
DA:4,2
DA:5,2
DA:8,2
DA:9,2
DA:10,2
DA:12,0
LF:8
LH:7
BRF:0
BRH:0
end_of_record
TN:
SF:src/config/swagger.ts
FN:67,(anonymous_1)
FN:71,(anonymous_2)
FNF:2
FNH:1
FNDA:2,(anonymous_1)
FNDA:0,(anonymous_2)
DA:1,2
DA:3,2
DA:4,2
DA:6,2
DA:60,2
DA:65,2
DA:67,2
DA:69,2
DA:71,2
DA:72,0
DA:73,0
DA:75,2
DA:78,2
LF:13
LH:11
BRF:0
BRH:0
end_of_record
TN:
SF:src/controllers/login.controllers.ts
FN:4,(anonymous_0)
FNF:1
FNH:0
FNDA:0,(anonymous_0)
DA:2,2
DA:3,2
DA:4,2
DA:5,0
DA:6,0
DA:7,0
DA:9,0
DA:10,0
DA:11,0
DA:13,0
DA:14,0
DA:16,0
DA:17,0
DA:19,0
DA:20,0
DA:22,0
DA:23,0
DA:25,0
DA:27,0
LF:19
LH:3
BRDA:10,0,0,0
BRDA:13,1,0,0
BRDA:16,2,0,0
BRDA:19,3,0,0
BRDA:22,4,0,0
BRF:5
BRH:0
end_of_record
TN:
SF:src/controllers/project.controllers.ts
FN:5,(anonymous_6)
FN:14,(anonymous_7)
FN:23,(anonymous_8)
FN:32,(anonymous_9)
FN:42,(anonymous_10)
FNF:5
FNH:0
FNDA:0,(anonymous_6)
FNDA:0,(anonymous_7)
FNDA:0,(anonymous_8)
FNDA:0,(anonymous_9)
FNDA:0,(anonymous_10)
DA:3,2
DA:4,2
DA:5,2
DA:6,0
DA:7,0
DA:8,0
DA:9,0
DA:11,0
DA:14,2
DA:15,0
DA:16,0
DA:17,0
DA:18,0
DA:20,0
DA:23,2
DA:24,0
DA:25,0
DA:26,0
DA:27,0
DA:29,0
DA:32,2
DA:33,0
DA:34,0
DA:35,0
DA:36,0
DA:37,0
DA:39,0
DA:42,2
DA:43,0
DA:44,0
DA:45,0
DA:46,0
DA:48,0
LF:33
LH:7
BRF:0
BRH:0
end_of_record
TN:
SF:src/controllers/upload.controllers.ts
FN:5,(anonymous_0)
FNF:1
FNH:0
FNDA:0,(anonymous_0)
DA:1,2
DA:2,2
DA:4,2
DA:5,2
DA:6,0
DA:7,0
DA:8,0
DA:9,0
DA:10,0
DA:11,0
DA:12,0
DA:14,0
LF:12
LH:4
BRDA:8,0,0,0
BRDA:8,0,1,0
BRDA:8,1,0,0
BRDA:8,1,1,0
BRF:4
BRH:0
end_of_record
TN:
SF:src/controllers/user.controllers.ts
FN:5,(anonymous_6)
FN:20,(anonymous_7)
FN:34,(anonymous_8)
FN:45,(anonymous_9)
FNF:4
FNH:1
FNDA:0,(anonymous_6)
FNDA:0,(anonymous_7)
FNDA:1,(anonymous_8)
FNDA:0,(anonymous_9)
DA:1,2
DA:3,2
DA:5,2
DA:6,0
DA:7,0
DA:8,0
DA:9,0
DA:10,0
DA:12,0
DA:13,0
DA:15,0
DA:17,0
DA:20,2
DA:21,0
DA:22,0
DA:23,0
DA:24,0
DA:26,0
DA:27,0
DA:29,0
DA:31,0
DA:34,2
DA:35,1
DA:36,1
DA:37,1
DA:38,1
DA:40,1
DA:42,0
DA:45,2
DA:46,0
DA:47,0
DA:48,0
DA:49,0
DA:50,0
DA:52,0
DA:53,0
DA:55,0
DA:57,0
LF:38
LH:11
BRDA:9,0,0,0
BRDA:12,1,0,0
BRDA:23,2,0,0
BRDA:26,3,0,0
BRDA:49,4,0,0
BRDA:52,5,0,0
BRF:6
BRH:0
end_of_record
TN:
SF:src/middlewares/checkAuth.ts
FN:5,(anonymous_0)
FNF:1
FNH:0
FNDA:0,(anonymous_0)
DA:1,2
DA:2,2
DA:5,2
DA:6,0
DA:7,0
DA:8,0
DA:9,0
DA:10,0
DA:11,0
DA:13,0
DA:14,0
DA:15,0
DA:19,0
DA:21,0
DA:25,0
LF:15
LH:3
BRDA:8,0,0,0
BRDA:8,0,1,0
BRDA:8,1,0,0
BRDA:8,1,1,0
BRDA:14,2,0,0
BRF:5
BRH:0
end_of_record
TN:
SF:src/middlewares/checkZodSchema.ts
FN:4,(anonymous_0)
FN:4,(anonymous_1)
FN:16,(anonymous_2)
FNF:3
FNH:2
FNDA:6,(anonymous_0)
FNDA:1,(anonymous_1)
FNDA:0,(anonymous_2)
DA:2,2
DA:4,6
DA:5,1
DA:7,1
DA:12,1
DA:14,0
DA:15,0
DA:16,0
DA:18,0
LF:9
LH:5
BRDA:14,0,0,0
BRF:1
BRH:0
end_of_record
TN:
SF:src/models/project.model.ts
FNF:0
FNH:0
DA:1,2
DA:4,2
DA:17,2
LF:3
LH:3
BRF:0
BRH:0
end_of_record
TN:
SF:src/models/user.model.ts
FNF:0
FNH:0
DA:1,2
DA:4,2
DA:14,2
LF:3
LH:3
BRF:0
BRH:0
end_of_record
TN:
SF:src/routes/index.ts
FN:6,(anonymous_6)
FN:9,(anonymous_7)
FN:9,(anonymous_8)
FNF:3
FNH:3
FNDA:12,(anonymous_6)
FNDA:10,(anonymous_7)
FNDA:10,(anonymous_8)
DA:1,2
DA:2,2
DA:3,2
DA:4,2
DA:6,2
DA:7,12
DA:8,12
DA:9,10
DA:10,10
DA:12,10
DA:16,2
LF:11
LH:11
BRDA:8,0,0,10
BRF:1
BRH:1
end_of_record
TN:
SF:src/routes/login.routes.ts
FNF:0
FNH:0
DA:1,2
DA:2,2
DA:3,2
DA:4,2
DA:5,2
DA:31,2
DA:32,2
LF:7
LH:7
BRF:0
BRH:0
end_of_record
TN:
SF:src/routes/project.routes.ts
FNF:0
FNH:0
DA:1,2
DA:2,2
DA:3,2
DA:4,2
DA:5,2
DA:6,2
DA:7,2
DA:8,2
DA:9,2
DA:10,2
DA:11,2
DA:12,2
LF:12
LH:12
BRF:0
BRH:0
end_of_record
TN:
SF:src/routes/public.routes.ts
FNF:0
FNH:0
DA:1,2
DA:2,2
DA:3,2
DA:4,2
DA:5,2
DA:6,2
LF:6
LH:6
BRF:0
BRH:0
end_of_record
TN:
SF:src/routes/upload.routes.ts
FN:6,(anonymous_7)
FN:9,(anonymous_8)
FNF:2
FNH:0
FNDA:0,(anonymous_7)
FNDA:0,(anonymous_8)
DA:1,2
DA:2,2
DA:3,2
DA:4,2
DA:5,2
DA:7,0
DA:10,0
DA:11,0
DA:14,2
DA:16,2
DA:17,2
DA:18,2
LF:12
LH:9
BRF:0
BRH:0
end_of_record
TN:
SF:src/routes/user.routes.ts
FNF:0
FNH:0
DA:1,2
DA:2,2
DA:3,2
DA:4,2
DA:5,2
DA:6,2
DA:8,2
DA:9,2
DA:10,2
DA:11,2
DA:13,2
LF:11
LH:11
BRF:0
BRH:0
end_of_record
TN:
SF:src/services/login.services.ts
FN:6,(anonymous_1)
FNF:1
FNH:0
FNDA:0,(anonymous_1)
DA:2,2
DA:3,2
DA:4,2
DA:5,2
DA:6,2
DA:7,0
DA:8,0
DA:9,0
DA:10,0
DA:11,0
DA:15,0
DA:16,0
DA:17,0
DA:18,0
DA:20,0
DA:21,0
DA:22,0
DA:23,0
DA:25,0
DA:26,0
DA:27,0
DA:28,0
DA:29,0
DA:31,0
DA:36,0
DA:37,0
DA:38,0
DA:42,0
DA:44,0
DA:45,0
LF:30
LH:5
BRDA:15,0,0,0
BRDA:20,1,0,0
BRDA:26,2,0,0
BRF:3
BRH:0
end_of_record
TN:
SF:src/services/project.services.ts
FN:4,(anonymous_1)
FN:13,(anonymous_2)
FN:22,(anonymous_3)
FN:36,(anonymous_4)
FN:45,(anonymous_5)
FNF:5
FNH:0
FNDA:0,(anonymous_1)
FNDA:0,(anonymous_2)
FNDA:0,(anonymous_3)
FNDA:0,(anonymous_4)
FNDA:0,(anonymous_5)
DA:1,2
DA:2,2
DA:4,2
DA:5,0
DA:6,0
DA:7,0
DA:9,0
DA:10,0
DA:13,2
DA:14,0
DA:15,0
DA:16,0
DA:18,0
DA:19,0
DA:22,2
DA:23,0
DA:24,0
DA:25,0
DA:26,0
DA:30,0
DA:32,0
DA:33,0
DA:36,2
DA:37,0
DA:38,0
DA:39,0
DA:41,0
DA:42,0
DA:45,2
DA:46,0
DA:47,0
DA:48,0
DA:50,0
DA:51,0
LF:34
LH:7
BRF:0
BRH:0
end_of_record
TN:
SF:src/services/upload.services.ts
FN:3,(anonymous_0)
FNF:1
FNH:0
FNDA:0,(anonymous_0)
DA:1,2
DA:3,2
DA:4,0
DA:5,0
DA:6,0
DA:8,0
LF:6
LH:2
BRF:0
BRH:0
end_of_record
TN:
SF:src/services/user.services.ts
FN:6,(anonymous_1)
FN:20,(anonymous_2)
FN:34,(anonymous_3)
FN:50,(anonymous_4)
FNF:4
FNH:1
FNDA:0,(anonymous_1)
FNDA:0,(anonymous_2)
FNDA:1,(anonymous_3)
FNDA:0,(anonymous_4)
DA:2,2
DA:3,2
DA:4,2
DA:6,2
DA:7,0
DA:8,0
DA:9,0
DA:13,0
DA:15,0
DA:16,0
DA:20,2
DA:21,0
DA:22,0
DA:23,0
DA:27,0
DA:29,0
DA:30,0
DA:34,2
DA:35,1
DA:36,1
DA:37,1
DA:38,1
DA:39,0
DA:43,0
DA:45,1
DA:46,1
DA:50,2
DA:51,0
DA:52,0
DA:53,0
DA:57,0
DA:59,0
DA:60,0
LF:33
LH:13
BRF:0
BRH:0
end_of_record
TN:
SF:src/uploads/dir.ts
FNF:0
FNH:0
DA:1,2
LF:1
LH:1
BRF:0
BRH:0
end_of_record
TN:
SF:src/utils/bcrypt.handler.ts
FN:3,(anonymous_0)
FN:9,(anonymous_1)
FNF:2
FNH:1
FNDA:1,(anonymous_0)
FNDA:0,(anonymous_1)
DA:1,2
DA:3,2
DA:4,1
DA:5,1
DA:6,1
DA:9,2
DA:10,0
DA:11,0
LF:8
LH:6
BRF:0
BRH:0
end_of_record
TN:
SF:src/utils/error.handler.ts
FN:2,(anonymous_0)
FNF:1
FNH:0
FNDA:0,(anonymous_0)
DA:2,2
DA:3,0
LF:2
LH:1
BRF:0
BRH:0
end_of_record
TN:
SF:src/utils/jwt.handler.ts
FN:4,(anonymous_0)
FN:9,(anonymous_1)
FNF:2
FNH:0
FNDA:0,(anonymous_0)
FNDA:0,(anonymous_1)
DA:1,2
DA:3,2
DA:4,2
DA:5,0
DA:6,0
DA:9,2
DA:10,0
DA:11,0
LF:8
LH:4
BRF:0
BRH:0
end_of_record
TN:
SF:src/utils/services.error.handler.ts
FN:2,(anonymous_0)
FNF:1
FNH:1
FNDA:1,(anonymous_0)
DA:1,2
DA:2,2
DA:3,1
DA:4,1
DA:5,1
DA:9,1
DA:11,0
DA:15,0
DA:16,0
LF:9
LH:6
BRDA:3,0,0,1
BRF:1
BRH:1
end_of_record
